<?xml version="1.0" encoding="UTF-8"?>
<!-- Generated by org.testng.reporters.JUnitXMLReporter -->
<testsuite hostname="Igor-PK" name="Main" tests="8" failures="0" timestamp="21 Dec 2016 14:50:56 GMT" time="16.119" errors="0">
  <testcase name="uploadPage" time="2.571" classname="com.ohrimenko1988.QA_homework_4.Main"/>
  <testcase name="scrollPage" time="1.76" classname="com.ohrimenko1988.QA_homework_4.Main"/>
  <testcase name="searchByKeywords" time="2.819" classname="com.ohrimenko1988.QA_homework_4.Main"/>
  <testcase name="searchByKeywords" time="0.814" classname="com.ohrimenko1988.QA_homework_4.Main"/>
  <testcase name="searchByKeywords" time="0.977" classname="com.ohrimenko1988.QA_homework_4.Main"/>
  <testcase name="validateImageAndItsButtons" time="1.282" classname="com.ohrimenko1988.QA_homework_4.Main"/>
  <testcase name="clickSearchByImageButton" time="2.204" classname="com.ohrimenko1988.QA_homework_4.Main"/>
  <testcase name="watchAnotherImages" time="0.175" classname="com.ohrimenko1988.QA_homework_4.Main"/>
</testsuite> <!-- Main -->
